[sso.univ-pau.fr/cas/loginb430.html]
[backblue.gif]
[fade.gif]
[index.html]
[sso.univ-pau.fr/cas/css/cas.css]
[sso.univ-pau.fr/cas/favicon.ico]
[sso.univ-pau.fr/cas/webjars/zxcvbn/dist/zxcvbn.js]
[sso.univ-pau.fr/cas/webjars/headjs/1.0.3/head.min.js]
[www.google-analytics.com/analytics.js]
[sso.univ-pau.fr/cas/loginb430.html]
[sso.univ-pau.fr/cas/webjars.fontawesomemin.html]
[sso.univ-pau.fr/cas/webjars.latomin.html]
[sso.univ-pau.fr/cas/images/error.png]
[sso.univ-pau.fr/cas/images/success.png]
[sso.univ-pau.fr/cas/images/info.png]
[sso.univ-pau.fr/cas/images/question.png]
[sso.univ-pau.fr/cas/images/campus.jpg]
[sso.univ-pau.fr/cas/css/cas.css]
[sso.univ-pau.fr/cas/webjars.jquerymin.html]
[sso.univ-pau.fr/cas/images/logo_uppa.svg]
[sso.univ-pau.fr/cas/{0}.html]
[sso.univ-pau.fr/cas/webjars.jqueryui.html]
[sso.univ-pau.fr/cas/webjars.jquerycookie.html]
[sso.univ-pau.fr/cas/webjars.bootstrapmin.html]
[sso.univ-pau.fr/cas/webjars.storemin.html]
